4858
0 0 3 1
0 2 4 3
0 4 5 5
0 6 5 7
0 8 10 8
0 9 4 10
0 11 5 12
0 13 3 14
0 15 4 16
0 17 4 18
0 19 5 20
0 21 4 22
0 23 4 24
0 25 4 26
0 27 4 28
0 29 4 30
0 31 5 32
0 33 5 34
0 35 1 40
0 41 5 42
0 43 5 44
0 45 3 46
0 47 3 48
0 49 3 50
0 51 3 52
0 53 8 53
0 54 3 55
0 56 3 57
0 58 4 59
0 60 4 61
0 62 3 63
0 64 5 65
0 66 4 67
0 68 4 69
0 70 5 71
0 72 5 73
0 74 3 75
0 76 3 77
0 78 4 79
0 80 3 81
0 82 4 83
0 84 3 85
0 86 4 87
0 88 10 88
0 89 4 90
0 91 3 92
0 93 5 94
0 95 11 95
0 96 3 97
0 98 5 99
0 100 4 101
0 102 4 103
0 104 11 104
0 105 5 106
0 107 5 108
0 109 5 110
0 111 3 112
0 113 3 114
0 115 3 116
0 117 3 118
0 119 5 120
0 121 5 122
0 123 3 124
0 125 4 126
0 127 4 128
0 129 4 130
0 131 5 132
0 133 4 134
0 135 10 135
0 136 9 136
0 137 3 138
0 139 4 140
0 141 3 142
0 143 3 144
0 145 4 146
0 147 4 148
0 149 11 149
0 150 4 151
0 152 4 153
0 154 4 155
0 156 4 157
0 158 5 159
0 160 4 161
0 162 3 163
0 164 3 165
0 166 3 167
0 168 3 169
0 170 4 171
0 172 4 173
0 174 3 175
0 176 3 177
0 178 4 179
0 180 3 181
0 182 5 183
0 184 5 185
0 186 5 187
0 188 4 189
0 190 3 191
0 192 5 193
0 194 4 195
0 196 10 196
0 197 5 198
0 199 8 199
0 200 11 200
0 201 5 202
0 203 5 204
0 205 3 206
0 207 3 208
0 209 3 210
0 211 3 213
0 214 4 215
0 216 3 217
0 218 5 219
0 220 3 221
0 222 5 223
0 224 3 225
0 226 11 226
0 227 3 228
0 229 5 230
0 231 3 232
0 233 5 234
0 235 4 236
0 237 3 238
0 239 5 240
0 241 4 242
0 243 5 244
0 245 3 246
0 247 4 248
0 249 9 249
2 35 7 36
2 37 5 38
2 39 5 40
4 0 8 1
4 13 8 14
4 45 12 45
4 46 12 46
4 47 8 48
4 49 11 49
4 50 13 50
4 51 13 51
4 52 12 52
4 54 8 55
4 56 8 57
4 62 8 63
4 74 8 75
4 76 8 77
4 80 14 80
4 81 12 81
4 84 9 85
4 91 9 92
4 96 8 97
4 111 15 111
4 112 8 113
4 114 8 115
4 116 8 117
4 118 12 118
4 123 8 124
4 137 7 138
4 141 9 142
4 143 9 144
4 162 12 162
4 163 8 164
4 165 8 166
4 167 7 168
4 169 13 169
4 174 7 176
4 177 11 177
4 180 9 181
4 190 9 191
4 205 7 206
4 207 8 208
4 209 7 210
4 220 8 221
4 224 8 225
4 227 8 228
4 231 8 232
4 237 12 237
4 245 8 246
5 2 8 3
5 9 9 10
5 15 9 16
5 17 9 18
5 21 8 22
5 23 9 24
5 25 8 26
5 27 9 28
5 29 9 30
5 58 8 59
5 60 10 61
5 66 10 67
5 68 8 69
5 78 10 79
5 82 9 83
5 86 10 87
5 89 10 90
5 100 8 101
5 102 9 103
5 125 8 126
5 127 9 128
5 129 10 130
5 133 10 134
5 139 14 139
5 140 14 140
5 145 7 148
5 150 9 151
5 152 9 153
5 154 7 157
5 160 10 161
5 170 9 171
5 172 9 173
5 178 9 179
5 188 9 189
5 194 10 195
5 211 6 214
5 215 10 216
4 217 12 217
5 235 9 236
5 241 10 242
5 247 12 247
5 248 15 248
6 4 9 5
6 6 9 7
6 11 11 12
6 19 11 20
6 31 11 32
6 33 9 34
6 37 9 39
6 40 9 41
6 42 9 43
6 44 14 44
6 64 9 65
6 93 10 94
6 98 10 99
6 105 15 105
6 106 11 107
6 108 9 109
6 110 17 110
6 119 10 120
6 121 9 122
6 131 10 132
6 158 17 158
6 182 10 183
6 184 9 185
6 186 10 187
6 192 9 193
6 197 10 198
6 201 9 202
6 203 10 204
6 218 9 219
6 222 9 223
6 233 9 234
6 238 9 240
6 243 17 243
6 244 15 244
7 211 12 212
7 213 11 214
8 35 13 36
6 71 9 73
8 137 13 138
8 145 13 146
8 147 12 148
8 154 13 155
8 156 11 157
8 167 13 168
8 174 11 175
8 176 19 176
8 205 15 205
8 206 17 206
8 209 12 210
9 0 12 1
9 2 12 3
9 13 14 14
9 21 12 22
9 25 14 26
9 47 13 48
9 53 12 54
9 55 13 56
9 57 20 57
9 58 13 59
9 62 13 63
9 68 12 69
9 74 12 75
9 76 13 77
9 96 13 97
9 100 13 101
9 112 12 113
9 114 13 115
9 116 12 117
9 123 12 124
9 125 12 126
9 163 12 164
9 165 13 166
9 199 16 199
9 207 14 208
9 220 19 220
9 221 18 221
9 224 13 225
9 227 14 228
9 229 11 232
9 245 14 246
10 4 11 7
10 9 14 10
10 15 13 16
10 17 19 17
10 23 15 24
10 27 13 28
10 29 14 30
10 33 14 34
10 37 11 42
10 43 17 43
10 64 14 65
10 70 13 72
10 73 17 73
10 82 15 83
10 91 14 92
10 102 17 102
10 108 21 108
10 109 18 109
10 121 13 122
10 127 15 128
10 136 21 136
10 141 14 142
10 143 14 144
10 150 14 151
10 152 13 153
10 170 19 170
10 171 14 172
10 173 20 173
10 178 20 178
10 179 21 179
10 180 14 181
10 184 13 185
10 188 13 189
10 190 14 191
10 192 13 193
10 201 14 202
10 218 14 219
10 222 21 222
10 223 21 223
10 233 14 234
10 235 14 236
10 238 13 239
10 240 20 240
10 249 17 249
11 8 22 8
11 60 15 61
11 66 15 67
11 84 12 87
11 88 14 89
11 90 18 90
11 93 20 93
11 94 20 94
11 98 16 99
11 119 16 120
11 130 12 135
11 182 16 183
11 186 15 187
11 194 22 194
11 195 15 196
11 197 20 197
11 198 22 198
11 203 20 203
11 204 20 204
11 215 16 216
11 241 14 242
12 11 17 12
12 18 14 20
12 31 17 32
12 37 22 37
12 38 15 39
12 40 17 41
12 42 20 42
12 49 23 49
12 106 16 107
12 149 19 149
12 156 16 157
12 174 15 175
12 177 20 177
12 200 23 200
12 213 17 214
12 229 15 230
12 231 17 232
13 0 17 1
13 2 16 4
13 21 17 22
13 45 16 46
13 52 16 53
13 54 22 54
13 68 18 69
13 74 17 75
13 81 24 81
13 84 18 85
13 112 22 112
13 113 21 113
13 116 17 117
13 118 22 118
13 123 16 124
13 125 17 126
13 129 15 132
13 133 17 134
13 135 21 135
13 147 18 148
13 159 15 162
13 163 17 164
13 209 16 210
13 211 17 212
13 217 21 217
13 237 24 237
13 247 20 247
14 15 19 16
14 27 19 28
14 35 18 36
14 47 18 48
14 50 19 51
14 55 18 56
14 58 18 59
14 62 19 63
14 70 18 71
14 76 17 78
14 95 16 97
14 100 18 101
14 114 18 115
14 121 17 122
14 145 18 146
14 152 19 153
14 154 19 155
14 165 21 165
14 166 24 166
14 167 16 169
14 184 17 185
14 188 19 189
14 192 17 193
14 224 16 226
14 238 19 239
12 6 16 7
15 9 19 10
15 13 23 13
15 18 24 18
15 19 19 20
15 25 20 26
15 29 19 30
15 33 18 34
15 44 22 44
15 64 25 64
15 65 23 65
15 91 18 92
15 137 17 140
15 141 19 142
15 143 20 144
15 150 20 151
15 171 19 172
15 180 19 181
15 190 18 191
15 201 19 202
15 207 19 208
15 218 20 219
15 227 18 228
15 233 19 234
15 235 19 236
15 241 20 242
15 245 19 246
16 23 20 24
16 38 19 39
16 60 20 61
16 66 21 67
16 82 24 82
16 83 27 83
16 103 18 105
16 111 27 111
16 127 20 128
16 129 20 130
16 131 19 132
16 159 19 160
16 161 20 162
16 174 19 175
16 186 20 187
16 195 19 196
16 205 27 205
16 229 21 230
16 244 26 244
16 248 23 248
17 2 22 3
17 4 18 7
17 45 22 46
17 52 20 53
17 95 26 95
17 96 20 97
17 98 22 99
17 106 21 107
17 119 20 120
17 123 20 124
17 156 21 157
17 167 28 167
17 168 21 169
17 182 21 183
17 199 28 199
17 209 22 210
17 215 21 216
17 224 22 225
18 0 23 1
18 11 22 12
18 21 22 22
18 31 28 31
18 32 28 32
18 40 22 41
18 43 25 43
18 72 19 77
15 79 19 80
15 88 19 89
18 102 28 102
18 110 26 110
18 121 22 122
18 125 29 125
18 126 29 126
18 133 22 134
18 137 29 137
18 138 23 139
18 140 29 140
18 158 29 158
18 163 21 164
18 184 21 185
18 192 22 193
18 206 25 206
18 211 22 212
18 213 22 214
18 243 29 243
18 249 25 249
19 4 24 5
19 6 26 6
19 7 29 7
19 33 24 34
19 35 22 36
19 47 30 47
19 48 26 48
19 55 23 56
19 58 23 59
19 68 21 71
19 84 24 85
13 87 22 87
19 90 22 91
19 92 28 92
19 100 23 101
19 103 22 104
19 105 26 105
19 109 27 109
19 114 22 115
19 145 22 146
19 147 23 148
19 190 22 191
19 221 27 221
19 226 21 228
20 9 23 10
20 14 21 17
20 19 23 20
20 27 23 28
20 38 24 39
20 62 23 63
20 72 31 72
20 73 25 74
20 75 24 76
20 77 23 78
20 79 24 80
20 88 23 89
20 131 23 132
20 141 29 141
20 142 29 142
20 149 28 149
20 152 24 153
20 159 24 160
20 170 22 172
20 174 31 174
20 175 30 175
20 176 30 176
20 180 23 181
20 188 23 189
20 195 24 196
20 201 24 202
20 207 24 208
20 220 28 220
20 231 22 233
20 234 23 235
20 236 31 236
20 238 24 239
20 245 23 246
21 23 24 24
21 25 25 26
21 42 28 42
21 50 24 52
21 53 32 53
21 60 25 61
21 93 25 94
21 96 26 97
21 119 26 120
21 123 26 124
21 127 25 128
21 129 24 130
21 143 25 144
21 150 24 151
21 161 24 162
21 173 31 173
21 177 26 178
21 186 24 187
21 197 31 197
21 203 24 204
21 218 30 218
21 219 32 219
21 240 24 242
21 247 32 247
22 14 27 15
22 16 27 17
22 66 27 67
22 68 31 68
22 69 27 70
22 71 32 71
22 106 26 107
22 113 33 113
22 135 26 136
22 154 24 156
22 157 31 157
22 163 26 164
22 165 30 165
22 168 26 169
22 179 32 179
22 182 26 183
22 184 27 185
22 215 25 216
22 217 30 217
22 222 26 223
22 226 27 227
22 228 32 228
22 229 26 230
23 8 33 8
23 11 28 12
23 21 28 22
23 35 28 36
23 37 30 37
23 40 28 41
23 44 26 45
23 46 34 46
23 54 34 54
23 86 28 87
23 90 26 91
23 98 26 99
23 103 26 104
23 112 30 112
23 114 27 115
23 121 28 122
23 133 31 133
23 145 27 146
23 170 26 171
23 172 30 172
23 190 26 191
23 192 26 193
23 194 32 194
23 209 27 210
23 211 27 212
23 213 26 214
23 224 28 225
23 231 28 232
23 233 31 233
24 0 29 1
24 9 28 10
24 13 33 13
24 19 27 20
24 27 28 28
24 49 32 49
24 55 29 56
24 57 26 59
24 62 29 63
24 65 33 65
24 77 28 78
24 88 28 89
24 100 28 101
18 117 29 117
23 118 30 118
24 131 27 132
24 138 28 139
24 147 27 148
24 180 28 181
24 188 27 189
24 200 35 200
24 234 28 235
24 245 28 246
24 248 32 248
25 2 27 5
25 18 32 18
25 23 30 24
20 29 25 30
25 33 30 34
25 38 30 39
25 50 28 51
25 52 34 52
25 75 29 76
25 79 29 80
25 84 29 85
25 129 28 130
25 150 30 151
25 152 29 153
25 154 30 155
25 156 36 156
25 159 36 159
25 160 27 162
25 166 34 166
25 186 34 186
25 187 34 187
25 195 30 196
25 201 35 201
25 202 33 202
25 203 33 203
25 207 29 208
25 237 29 238
25 239 33 239
25 240 28 242
26 25 29 26
26 29 30 30
26 43 35 43
26 60 31 61
26 64 33 64
26 93 29 94
26 127 30 128
26 143 30 144
26 206 34 206
26 249 37 249
27 6 34 6
27 44 31 45
27 48 34 48
27 57 32 58
27 59 35 59
27 90 31 91
27 95 31 96
27 97 30 98
27 103 31 104
27 105 29 107
27 110 37 110
27 119 32 120
27 134 30 136
27 163 31 164
27 168 30 169
27 170 32 171
27 177 30 178
27 182 30 183
27 190 36 190
27 191 37 191
27 192 31 193
27 213 34 213
27 214 30 215
26 216 37 216
27 222 38 222
27 223 37 223
27 229 31 230
27 244 34 244
28 2 33 3
28 4 33 5
28 14 31 16
28 17 37 17
28 19 37 19
28 20 37 20
28 66 39 66
28 67 38 67
28 69 31 70
28 108 33 109
28 111 37 111
28 114 32 115
28 131 33 132
28 145 32 146
28 147 32 148
28 160 39 160
28 161 31 162
28 184 32 185
28 188 32 189
28 204 32 205
28 209 31 210
28 211 31 212
28 221 35 221
28 226 32 227
29 9 33 10
29 11 32 12
29 27 34 28
29 31 33 32
29 35 33 36
29 40 32 41
29 42 36 42
29 50 32 51
29 77 33 78
29 86 33 87
29 88 33 89
29 92 36 92
29 99 31 101
29 102 37 102
29 121 34 122
29 129 34 130
29 138 33 139
29 149 37 149
29 167 37 167
29 180 32 181
29 220 36 220
29 224 33 225
29 231 33 232
29 234 38 234
29 240 32 241
29 242 38 242
29 245 32 246
30 0 35 1
30 7 37 7
30 25 34 26
30 55 34 56
30 62 34 63
30 79 35 80
30 93 34 94
20 116 31 116
30 117 38 117
30 137 37 137
30 140 33 142
30 152 35 153
30 207 38 207
30 208 40 208
30 237 34 238
30 243 40 243
31 21 33 23
31 24 41 24
31 29 42 29
31 30 38 30
31 33 35 34
31 37 36 38
31 47 39 47
25 82 34 82
28 83 38 83
30 84 35 85
31 97 34 98
31 112 39 112
31 118 42 118
31 123 32 127
31 128 39 128
31 134 34 135
31 136 38 136
31 143 39 143
31 144 42 144
31 150 36 151
31 154 36 155
31 165 39 165
31 168 36 169
31 172 42 172
31 175 33 178
31 182 36 183
31 214 34 215
31 217 34 218
32 14 35 15
32 16 42 16
32 44 37 45
32 60 36 61
32 68 36 69
32 72 37 73
26 74 37 74
30 75 33 76
32 95 37 96
32 99 36 100
32 101 42 101
32 103 39 103
32 104 41 104
32 116 40 116
32 133 42 133
32 157 35 158
32 161 36 162
32 163 41 163
32 164 42 164
32 173 36 174
32 192 36 193
32 195 35 197
32 209 40 209
32 210 36 211
32 229 36 230
32 233 41 233
33 11 36 12
33 18 41 18
33 39 36 41
33 49 36 50
33 51 44 51
33 57 36 58
33 119 36 120
33 123 35 125
33 126 36 127
33 145 37 146
33 147 43 147
33 148 41 148
33 170 38 171
33 179 36 180
33 181 42 181
33 184 43 184
33 188 37 189
33 194 40 194
33 204 37 205
33 219 44 219
33 226 37 227
33 228 40 228
33 240 36 241
33 245 38 246
33 247 38 248
34 2 38 3
34 8 37 9
34 10 45 10
34 13 42 13
34 21 39 22
34 31 37 32
34 35 39 36
34 64 38 65
34 75 43 75
34 76 37 77
34 78 43 78
34 86 43 86
34 87 37 88
34 89 38 90
32 91 39 91
30 106 35 107
34 108 39 109
34 131 39 132
34 138 37 139
34 140 37 142
34 175 38 176
34 177 38 178
24 198 35 198
34 202 37 203
34 224 42 224
34 231 39 232
34 239 41 239
35 4 37 6
35 25 39 26
35 27 39 28
35 48 46 48
35 52 39 53
35 54 38 55
35 62 46 62
35 63 43 63
35 81 39 82
35 93 40 94
35 97 40 98
35 121 38 122
35 129 40 130
35 134 38 135
35 166 43 166
35 185 38 187
35 206 44 206
35 212 38 214
35 215 44 215
35 217 39 218
35 235 37 237
35 238 44 238
35 244 46 244
36 14 39 15
36 33 39 34
36 43 44 43
36 59 44 59
36 79 39 80
36 84 40 85
36 105 38 107
33 114 37 115
36 123 41 124
36 125 43 125
36 152 41 153
36 157 39 158
36 195 39 196
36 197 39 198
36 199 38 201
36 221 44 221
37 11 41 12
37 37 41 38
37 39 46 39
37 40 39 42
37 49 42 50
37 56 39 58
37 60 41 61
37 68 44 68
37 69 40 70
33 71 44 71
37 92 48 92
37 99 46 99
37 119 42 120
37 126 40 127
37 150 40 151
37 154 41 155
37 156 48 156
37 161 40 162
37 168 45 168
37 169 46 169
37 173 42 174
37 179 42 180
37 190 48 190
37 192 47 192
37 193 45 193
37 210 40 211
37 220 44 220
37 229 42 230
37 240 41 241
38 4 41 5
38 6 42 7
38 8 41 9
38 17 45 17
38 19 41 20
38 31 42 32
38 44 41 45
38 72 42 73
38 74 47 74
38 76 42 77
38 87 42 88
38 102 49 102
38 110 42 111
38 113 41 115
38 137 42 138
38 139 43 140
38 141 49 141
38 145 41 146
38 149 48 149
38 167 47 167
38 188 47 188
38 191 45 191
38 202 41 203
38 204 41 205
38 216 47 216
38 223 46 223
38 225 40 227
38 235 41 236
38 237 49 237
38 249 47 249
39 0 41 3
39 30 50 30
39 54 42 55
39 64 43 65
39 67 46 67
39 83 49 83
39 89 42 90
39 105 42 106
39 107 46 107
39 117 48 117
39 121 43 122
39 134 42 135
39 136 50 136
39 170 42 171
39 175 44 176
39 177 48 177
39 178 50 178
39 185 44 186
39 187 47 187
39 199 42 200
39 201 47 201
39 207 50 207
39 212 44 213
39 214 46 214
39 222 46 222
39 234 49 234
39 242 46 242
39 245 42 246
39 247 43 248
40 14 43 15
40 21 43 22
40 25 45 26
40 27 44 28
40 33 44 34
40 35 44 36
40 40 49 40
40 41 45 42
40 46 44 47
40 52 43 53
40 79 44 80
40 81 47 81
40 82 49 82
40 91 48 91
40 103 51 103
40 108 43 109
40 112 49 112
40 128 47 128
40 131 44 132
40 142 44 143
40 157 44 158
40 159 45 160
40 165 48 165
40 195 44 196
40 197 45 198
40 231 45 232
41 69 44 70
41 84 50 84
41 85 52 85
41 93 44 94
41 95 43 97
41 98 48 98
41 116 48 116
41 126 48 126
41 129 44 130
41 150 44 151
41 161 46 162
41 194 50 194
41 208 45 209
41 210 45 211
41 225 46 226
41 227 45 228
41 243 51 243
42 0 46 1
42 2 46 3
42 4 46 5
42 8 47 9
42 11 45 12
42 18 53 18
42 19 47 20
42 23 47 24
42 37 46 38
42 44 47 45
42 60 45 61
42 104 52 104
42 113 46 114
42 115 51 115
42 123 46 124
42 145 53 145
42 146 51 146
42 148 49 148
42 152 53 152
42 153 44 155
42 163 50 163
42 202 46 203
42 204 46 205
42 233 49 233
42 235 46 236
42 239 47 240
42 241 52 241
43 6 47 7
43 13 53 13
43 16 50 16
43 29 50 29
43 31 46 32
43 49 48 50
43 54 47 55
43 72 47 73
43 76 47 77
43 87 47 88
43 89 54 89
43 90 53 90
43 100 46 101
43 105 47 106
43 110 47 111
43 118 48 119
43 120 50 120
43 133 47 134
43 135 51 135
43 137 52 137
43 138 52 138
43 144 50 144
43 164 50 164
43 170 47 171
43 172 47 173
43 179 48 180
43 181 48 182
43 199 46 200
43 224 51 224
43 229 46 230
43 245 48 246
44 14 47 15
44 21 48 22
44 52 47 53
40 57 45 58
44 63 47 64
44 65 49 66
44 75 51 75
44 78 53 78
44 86 51 86
44 95 51 95
44 96 47 97
44 108 48 109
44 121 47 122
44 125 52 125
44 139 48 140
44 147 54 147
44 166 55 166
44 183 47 184
44 247 47 248
45 27 55 27
45 28 54 28
45 33 48 34
45 35 49 36
45 43 53 43
45 46 49 47
45 51 52 51
45 59 53 59
45 68 48 69
45 70 50 71
45 79 49 80
45 93 49 94
45 129 49 130
45 131 55 131
45 142 50 143
45 150 50 151
45 153 56 153
45 154 55 154
45 155 55 155
45 157 48 158
45 174 47 176
45 185 48 186
45 195 48 196
45 206 52 206
45 212 49 213
45 215 52 215
45 238 52 238
46 10 48 12
46 17 54 17
46 25 49 26
46 41 51 42
46 56 51 57
46 60 50 61
46 159 49 160
46 168 56 168
46 191 53 191
46 193 57 193
46 197 51 198
46 208 54 208
46 209 48 211
40 218 49 218
45 219 47 221
46 227 49 228
46 231 57 231
46 232 57 232
47 0 51 1
47 2 50 3
47 4 50 5
47 31 56 31
47 37 51 38
47 39 55 39
47 48 55 48
47 62 58 62
47 67 56 67
47 99 50 100
47 101 58 101
47 107 57 107
47 113 51 114
47 123 51 124
47 161 51 162
47 169 56 169
47 199 51 200
47 202 49 205
47 214 55 214
47 222 51 223
47 225 50 226
47 229 51 230
47 242 55 242
48 6 51 7
48 8 53 9
48 14 51 15
48 19 57 19
48 20 59 20
48 23 51 24
48 44 52 45
48 52 59 52
48 53 58 53
48 54 53 55
48 63 51 64
48 72 51 73
48 74 55 74
48 76 52 77
48 81 56 81
48 87 51 88
48 96 53 97
48 105 52 106
48 110 51 111
48 121 53 122
48 127 53 128
48 132 50 134
48 167 56 167
48 170 51 171
48 172 51 173
48 174 51 175
48 176 56 176
48 183 52 184
48 187 52 188
48 192 57 192
48 201 59 201
48 216 56 216
48 219 52 220
48 221 56 221
48 239 59 239
48 247 51 249
49 10 60 10
49 11 60 11
49 12 57 12
49 21 53 22
49 32 52 33
49 34 60 34
49 68 60 68
49 69 56 69
49 91 52 92
49 98 56 98
49 108 54 109
49 116 54 117
49 118 53 119
49 126 60 126
49 139 54 140
49 149 57 149
49 156 52 158
49 165 57 165
49 177 58 177
49 179 53 180
49 181 53 182
49 185 52 186
39 189 50 189
49 195 53 196
49 209 52 211
49 244 51 246
50 25 54 26
50 35 54 36
50 40 59 40
50 46 53 47
50 65 55 66
50 79 54 80
50 82 53 83
50 93 55 94
50 112 59 112
50 129 54 130
50 148 61 148
50 159 54 160
50 202 55 203
50 204 54 205
50 212 53 213
50 217 53 218
50 227 59 227
50 233 54 234
47 235 52 236
51 2 54 3
51 4 55 5
51 16 61 16
51 29 54 30
51 60 54 61
51 70 56 71
51 84 60 84
51 99 55 100
51 120 61 120
51 132 53 134
51 136 60 136
51 141 54 143
51 144 59 144
51 150 56 151
51 163 56 164
51 178 60 178
51 189 62 189
51 194 60 194
51 225 55 226
52 0 56 1
52 6 63 6
52 7 63 7
52 14 55 15
52 23 56 24
52 37 56 38
52 41 59 41
52 56 55 57
52 63 61 63
52 64 60 64
52 72 55 73
52 75 59 75
52 86 56 87
52 88 61 88
52 95 60 95
52 110 56 111
52 113 59 113
52 114 62 114
52 115 61 115
52 123 57 124
52 135 62 135
52 146 62 146
52 161 61 161
52 162 60 162
52 170 57 171
52 172 61 172
52 173 57 174
52 175 63 175
52 197 54 199
52 200 61 200
52 222 55 223
52 224 60 224
52 228 54 230
52 243 56 244
52 245 56 246
52 247 57 248
53 32 56 33
53 44 58 45
53 49 56 51
53 76 58 77
53 85 60 85
53 91 56 92
53 102 55 105
53 106 62 106
53 125 60 125
53 137 57 138
53 156 58 157
53 158 63 158
53 183 56 184
53 185 57 186
53 187 56 188
53 206 58 207
53 209 64 209
53 210 62 210
53 211 61 211
53 215 60 215
53 219 57 220
53 235 56 237
53 240 56 241
54 8 57 9
54 13 65 13
54 21 59 22
54 42 57 43
54 46 57 47
54 54 59 55
54 58 57 59
54 78 62 78
54 82 57 83
54 90 63 90
54 96 58 97
54 118 57 119
54 127 58 128
54 132 58 133
54 134 62 134
54 145 62 145
54 179 65 179
54 180 58 181
54 182 65 182
54 195 58 196
54 212 59 213
54 217 58 218
55 2 58 3
55 17 59 18
55 25 58 26
55 28 60 29
55 30 65 30
55 35 58 36
55 60 59 61
55 79 59 80
55 89 65 89
55 108 60 109
55 116 60 117
55 129 58 130
55 139 57 141
55 142 59 143
55 147 65 147
55 159 66 159
55 160 65 160
55 197 59 198
55 199 65 199
55 204 59 205
55 208 62 208
55 228 57 230
55 233 58 234
56 4 60 5
56 14 59 15
56 27 67 27
56 39 66 39
56 48 64 48
56 56 59 57
56 65 67 65
56 66 65 66
56 72 60 73
56 74 63 74
56 93 64 93
56 94 67 94
56 99 59 100
56 102 61 103
56 104 60 105
56 131 67 131
56 154 61 155
56 202 59 203
56 214 64 214
56 222 59 223
56 225 65 225
56 226 67 226
56 242 64 242
57 0 61 1
57 23 60 24
57 31 61 32
57 33 68 33
57 37 60 38
57 49 62 50
57 51 67 51
57 67 65 67
57 69 61 70
57 71 64 71
57 81 66 81
57 86 60 87
57 91 62 92
57 98 66 98
57 110 62 111
57 150 60 151
57 152 60 153
57 163 61 164
57 166 59 169
57 176 66 176
57 183 60 184
57 187 61 188
57 216 67 216
57 221 65 221
57 235 60 237
53 238 63 238
57 243 62 244
57 245 68 245
57 246 67 246
58 8 61 9
58 12 66 12
58 19 66 19
58 42 67 42
58 46 66 46
58 47 65 47
58 58 63 59
58 82 63 83
58 107 66 107
58 118 61 119
58 121 59 124
58 137 61 138
58 139 63 140
58 149 67 149
58 165 66 165
58 170 61 171
58 173 61 174
58 185 62 186
58 219 62 220
58 228 60 230
58 231 62 232
58 247 62 248
52 249 59 249
59 2 62 3
59 25 68 25
59 26 68 26
59 43 62 45
59 53 68 53
59 76 62 77
59 96 64 97
59 101 66 101
59 127 64 128
59 129 63 130
59 132 69 132
59 133 69 133
59 156 63 157
59 177 66 177
59 180 64 181
59 195 63 196
59 206 69 206
59 207 69 207
59 217 63 218
59 233 64 234
60 14 65 15
60 17 63 18
60 20 67 20
60 21 65 22
60 40 64 41
60 52 69 52
60 54 64 55
60 56 65 57
60 60 63 61
60 75 68 75
60 79 63 80
60 99 64 100
60 112 65 113
60 121 71 121
60 122 62 124
60 141 62 143
60 144 68 144
60 166 65 167
60 168 63 169
54 191 63 191
58 192 62 193
60 197 63 198
60 201 64 202
60 203 63 204
60 205 69 205
60 212 65 213
60 222 63 223
60 227 67 227
60 239 65 240
57 241 65 241
60 249 69 249
61 4 71 4
61 5 70 5
61 10 64 11
61 23 65 24
61 28 65 29
61 34 64 35
59 36 66 36
61 37 65 38
61 64 72 64
61 68 71 68
61 72 65 73
61 84 65 85
61 86 64 87
61 95 68 95
61 104 66 105
61 108 65 109
61 125 66 126
61 136 68 136
61 150 66 151
61 152 65 153
61 162 71 162
61 178 69 178
61 183 65 184
61 194 69 194
61 215 71 215
61 224 68 224
61 228 64 230
62 0 67 1
62 8 66 9
62 16 72 16
62 31 65 32
62 62 66 63
62 69 65 70
62 88 73 88
62 102 67 103
62 115 64 118
62 119 66 120
62 137 66 138
62 148 72 148
62 161 69 161
62 163 66 164
62 187 67 188
62 200 73 200
62 211 73 211
63 2 66 3
63 43 68 44
63 45 70 45
63 49 66 50
63 76 68 77
63 78 73 78
63 91 67 92
63 106 73 106
63 110 67 111
63 114 74 114
63 122 68 123
63 124 71 124
63 134 68 135
63 141 68 142
63 143 72 143
63 145 67 146
63 185 67 186
63 189 67 190
63 208 70 208
63 210 70 210
63 219 68 220
63 231 66 232
63 243 67 244
63 247 67 248
64 17 68 18
64 58 65 61
64 74 72 74
64 79 68 80
64 82 68 83
64 90 74 90
64 129 69 130
64 139 68 140
64 168 67 170
62 173 65 174
64 175 74 175
64 191 74 191
64 195 68 196
64 197 73 197
64 203 68 204
64 217 67 218
65 10 69 11
65 34 69 35
65 40 70 41
65 48 75 48
65 54 69 55
65 71 75 71
65 86 69 87
65 93 72 93
65 96 70 97
65 99 70 100
65 115 76 115
65 116 69 117
65 118 72 118
65 127 69 128
64 155 66 158
65 180 68 181
65 201 69 202
65 214 72 214
65 228 75 228
65 229 69 230
65 233 68 234
65 242 72 242
66 13 71 14
66 15 73 15
66 21 68 24
66 28 71 29
66 30 69 31
66 37 76 37
66 38 74 38
66 47 74 47
66 56 70 57
66 58 71 59
66 60 69 61
66 66 69 67
66 69 71 70
66 72 70 73
66 84 70 85
66 89 74 89
66 108 71 109
66 112 73 112
66 147 73 147
66 152 70 153
66 160 73 160
66 166 70 167
62 171 67 172
66 173 70 174
66 179 76 179
66 182 68 184
66 198 71 199
66 212 70 213
66 221 70 222
64 223 74 223
66 225 76 225
67 2 75 2
67 3 78 3
67 6 69 9
67 12 78 12
67 19 75 19
67 36 76 36
67 39 74 39
67 46 76 46
67 49 71 50
67 62 71 63
67 81 76 81
67 98 78 98
67 101 77 101
67 107 74 107
67 119 72 120
67 125 70 126
67 137 70 138
67 150 72 151
67 154 70 156
67 157 71 158
67 159 76 159
67 163 71 164
67 165 78 165
67 176 70 177
67 231 71 232
61 237 69 237
64 238 72 238
66 239 69 241
68 0 72 1
68 20 75 20
68 42 75 42
68 51 79 51
68 91 72 92
68 102 72 103
68 110 72 111
68 145 72 146
68 149 75 149
68 168 71 169
68 170 71 171
68 172 75 172
68 185 73 186
68 187 72 188
68 189 73 190
63 192 68 193
68 216 72 217
68 218 76 218
68 226 71 227
68 243 71 244
68 246 70 248
69 17 73 18
69 21 80 21
69 22 73 23
69 24 72 25
69 26 76 26
69 32 73 33
69 53 78 53
69 75 71 77
69 79 74 80
69 82 73 83
69 94 72 95
69 122 72 123
69 134 72 135
69 136 79 136
69 139 74 140
69 141 72 142
69 144 77 144
69 180 73 181
69 192 73 193
69 195 73 196
69 203 73 204
69 219 72 220
69 224 80 224
69 233 74 234
69 245 78 245
70 6 74 7
70 8 73 9
70 10 74 11
70 30 81 30
70 31 77 31
70 34 75 35
70 52 80 52
70 54 74 55
70 60 73 61
70 65 72 67
70 86 75 87
70 116 74 117
70 127 74 128
70 129 74 130
70 131 75 132
70 133 81 133
70 161 81 161
70 178 79 178
70 194 81 194
70 201 74 202
70 205 73 206
70 207 79 207
70 229 79 229
70 230 77 230
70 239 72 241
70 249 80 249
71 5 80 5
71 40 75 41
71 43 73 45
71 56 76 57
71 72 75 73
71 84 74 85
71 96 75 97
71 99 76 100
71 125 75 126
71 137 74 138
71 152 74 153
71 154 81 154
71 166 76 167
71 173 75 174
71 176 74 177
71 208 75 209
71 210 81 210
71 212 75 213
71 221 74 222
71 246 74 248
72 4 82 4
72 27 74 29
72 49 79 49
72 58 75 59
72 62 76 63
72 68 76 69
72 75 82 75
72 76 75 77
72 124 79 124
72 155 74 158
72 162 76 163
72 164 81 164
72 168 76 169
72 170 80 170
72 171 82 171
69 183 73 184
72 198 76 199
72 215 83 215
72 226 81 226
72 227 81 227
72 231 77 232
72 243 77 244
73 0 78 1
73 16 81 16
73 24 78 25
73 64 76 65
73 66 77 67
73 74 82 74
73 91 76 92
73 93 78 94
73 95 80 95
73 102 76 103
73 108 76 110
73 118 81 118
73 134 77 135
73 141 82 141
73 142 77 143
73 145 81 145
73 146 83 146
73 148 83 148
73 150 76 151
73 187 77 188
73 214 80 214
73 216 78 217
73 219 76 220
63 235 74 235
70 236 75 237
73 238 77 239
74 8 78 9
74 13 77 15
74 17 78 18
74 22 78 23
74 32 77 33
74 43 79 44
74 60 79 61
74 78 81 78
74 82 78 83
74 88 84 88
74 104 76 106
74 111 77 113
73 120 75 123
74 147 82 147
74 160 85 160
74 180 78 181
74 182 76 184
74 185 79 186
74 192 79 193
74 195 79 196
74 197 82 197
74 200 82 200
74 203 79 204
74 205 78 206
74 211 85 211
75 6 79 7
75 10 78 11
75 27 80 28
75 29 83 29
75 38 80 39
75 47 83 47
75 54 80 55
75 79 79 80
75 84 79 85
75 89 80 90
75 107 84 107
75 114 82 114
75 116 79 117
75 127 79 128
75 129 79 130
75 137 78 138
75 152 86 152
75 153 83 153
75 155 79 156
75 157 80 158
75 175 78 176
75 177 84 177
75 189 77 191
75 201 79 202
75 221 79 222
75 223 83 223
75 233 79 234
75 235 83 235
75 246 79 247
76 2 87 2
76 19 80 20
76 34 80 35
76 40 80 41
76 42 84 42
76 48 86 48
76 58 80 59
76 70 78 73
76 86 84 86
76 96 79 97
76 119 79 121
76 122 87 122
76 123 83 123
76 125 79 126
76 131 80 132
76 149 83 149
76 172 79 173
76 174 87 174
76 208 79 209
76 212 80 213
76 228 83 228
76 236 80 237
77 26 86 26
77 36 81 37
77 45 82 46
77 56 82 57
77 62 82 63
77 64 81 65
77 68 82 69
77 81 85 81
77 91 87 91
77 92 85 92
77 99 80 100
77 102 81 103
77 104 86 104
77 105 81 106
77 108 81 109
77 110 88 110
77 115 85 115
77 150 82 151
77 159 88 159
77 162 82 163
77 166 81 167
77 168 81 169
77 179 88 179
77 182 81 183
77 184 88 184
77 198 82 199
77 218 80 219
77 220 85 220
77 225 87 225
73 241 78 242
78 31 82 32
78 33 86 33
78 66 85 66
78 101 89 101
78 111 81 113
78 134 83 135
78 142 81 143
78 144 88 144
78 187 82 188
78 189 82 190
78 191 87 191
78 230 83 231
78 232 87 232
78 238 83 239
78 243 81 244
79 0 86 0
79 3 90 3
79 8 82 9
79 10 82 12
79 17 83 18
79 22 82 23
79 24 82 25
79 53 86 53
79 70 84 71
79 72 84 73
79 82 83 83
79 93 82 94
79 98 90 98
79 137 82 138
79 165 90 165
79 175 83 176
79 180 84 181
79 205 83 206
79 216 83 217
79 240 82 242
79 245 87 245
80 6 83 7
78 13 81 15
80 43 91 43
80 44 91 44
80 49 84 50
80 51 87 51
80 60 84 61
80 79 84 80
80 84 83 85
80 96 84 97
80 116 88 116
80 117 90 117
80 119 89 119
80 124 85 125
80 126 84 127
80 128 84 129
80 130 88 130
80 136 87 136
80 155 83 156
80 172 83 173
80 178 88 178
80 192 84 193
80 201 83 202
80 203 85 204
80 207 85 208
80 209 87 209
80 221 85 222
80 229 88 229
80 233 85 234
80 246 84 247
81 5 89 5
81 19 85 20
81 21 91 21
81 27 85 28
81 34 84 35
81 38 86 39
81 40 86 41
81 52 90 52
81 54 86 55
81 58 85 59
81 89 84 90
81 95 91 95
81 99 86 100
81 131 84 132
76 139 81 140
81 157 84 158
81 170 89 170
81 212 85 213
81 214 92 214
81 218 84 219
81 224 92 224
81 236 84 237
81 248 85 249
82 30 89 30
82 36 85 37
82 64 85 65
76 77 87 77
82 78 91 78
82 102 86 103
82 105 86 106
82 108 86 109
82 111 91 111
82 112 86 113
82 118 90 118
82 133 93 133
82 139 86 140
82 142 91 142
82 143 93 143
82 145 89 145
82 154 89 154
82 164 91 164
82 166 86 167
82 168 86 169
82 182 87 183
82 210 89 210
82 226 86 227
82 243 87 244
83 4 93 4
83 8 87 9
83 10 86 11
82 13 84 16
83 22 87 23
83 24 87 25
83 31 94 31
83 56 86 57
83 62 87 63
83 67 86 69
83 74 88 75
83 93 87 94
83 114 91 114
83 137 87 138
83 141 90 141
83 147 90 147
83 150 86 151
83 161 85 163
83 171 90 171
83 185 85 188
83 189 86 190
83 194 85 197
83 198 87 199
83 200 92 200
83 240 92 240
83 241 86 242
84 6 87 7
84 17 87 18
84 29 92 29
84 45 86 47
84 82 88 83
84 84 89 85
84 123 91 123
84 134 88 135
84 146 95 146
84 148 89 149
84 153 92 153
84 155 88 156
84 172 88 173
84 175 87 176
84 201 88 202
84 205 87 206
84 215 89 216
84 217 95 217
84 223 93 223
84 228 91 228
84 230 87 231
84 235 94 235
84 238 95 238
84 239 92 239
85 12 88 14
85 15 88 16
85 34 89 35
85 42 92 42
85 49 88 50
85 60 89 61
85 70 90 71
85 72 88 73
85 79 92 79
85 80 94 80
85 86 90 87
85 88 88 89
85 96 89 97
85 107 92 107
85 126 88 127
85 128 88 129
85 131 89 132
85 157 89 158
85 177 93 177
85 180 90 181
85 192 89 193
85 218 88 219
85 236 89 237
85 246 90 247
86 19 91 20
86 27 89 28
86 36 90 37
86 58 89 59
86 64 91 65
86 66 94 66
86 81 97 81
86 92 93 92
86 115 93 115
80 121 88 121
86 124 96 124
86 185 90 186
86 187 91 188
86 194 94 194
86 195 95 195
86 196 91 197
86 203 90 204
86 211 88 213
86 220 90 221
86 222 97 222
86 233 90 234
86 248 90 249
87 0 92 1
87 10 91 11
87 26 94 26
87 32 92 33
87 38 90 40
87 41 98 41
87 45 92 46
87 47 91 48
87 53 92 54
87 55 97 55
87 56 91 57
87 67 92 68
87 69 98 69
87 99 91 100
87 102 92 103
87 104 92 105
87 106 98 106
87 108 91 109
87 112 91 113
87 139 92 140
87 150 92 151
87 166 91 167
87 168 91 169
87 189 95 189
87 190 95 190
87 226 90 227
87 241 90 242
88 2 96 2
88 6 93 7
88 8 91 9
88 17 99 17
88 18 96 18
88 22 91 23
88 24 93 25
88 51 95 51
88 62 91 63
88 76 92 77
88 90 92 91
88 93 92 94
88 122 97 122
88 136 92 137
88 138 98 138
86 162 89 163
88 174 95 174
88 175 93 176
88 182 93 183
88 191 98 191
88 198 93 199
88 205 92 206
88 225 98 225
88 230 92 231
88 232 96 232
88 243 92 244
88 245 95 245
89 12 99 12
89 13 99 13
89 14 99 14
89 15 93 16
89 49 94 50
89 72 93 73
89 74 92 75
89 82 93 83
89 88 93 89
89 116 96 116
89 120 93 121
89 125 91 127
89 128 92 129
89 130 98 130
89 134 93 135
89 144 97 144
89 155 94 156
89 159 93 160
86 161 95 161
89 172 93 173
89 178 96 178
89 201 93 202
89 211 94 212
89 213 97 213
89 218 99 218
89 219 97 219
89 229 97 229
90 5 97 5
90 27 94 28
90 30 98 30
90 34 93 35
90 58 95 59
90 60 93 61
90 84 94 85
90 96 95 97
90 119 101 119
90 131 93 132
90 145 98 145
90 148 95 149
90 154 100 154
90 157 94 158
90 162 94 163
90 170 97 170
90 192 94 193
90 236 93 237
91 3 101 3
91 36 100 36
91 37 94 38
91 39 95 40
91 52 99 52
91 70 96 71
91 86 95 87
91 98 101 98
91 117 95 118
91 141 98 141
91 147 101 147
91 171 102 171
91 179 93 181
91 184 94 186
91 203 95 204
91 220 96 221
91 226 95 227
91 233 95 234
91 241 95 242
91 246 94 248
91 249 102 249
92 8 97 9
92 10 97 11
92 19 96 20
92 21 94 23
92 47 97 48
92 56 97 57
92 62 96 63
92 64 95 65
92 78 99 78
92 95 101 95
92 99 96 100
92 108 97 109
92 110 93 114
92 123 100 123
92 125 102 125
92 126 95 127
92 142 102 142
92 164 96 165
92 166 95 167
92 168 96 169
92 187 103 187
92 188 99 188
92 196 96 197
86 208 96 208
88 209 99 209
90 210 98 210
92 228 99 228
93 29 104 29
93 32 97 33
93 42 97 43
93 44 95 46
93 53 96 54
93 67 97 68
93 74 96 75
93 76 101 76
93 77 102 77
93 79 103 79
93 90 97 91
93 93 98 94
93 107 101 107
93 128 101 128
93 136 97 137
93 139 98 140
93 150 95 153
93 200 103 200
93 205 98 206
93 214 97 215
90 216 100 216
93 230 97 231
93 239 98 240
93 243 96 244
94 4 103 4
94 6 99 7
94 15 99 16
94 34 99 35
94 60 98 61
94 72 97 73
94 82 97 83
94 88 98 89
94 92 103 92
93 102 95 105
94 110 96 113
94 120 97 121
94 131 98 132
94 133 97 135
94 143 103 143
94 159 99 160
94 172 98 173
94 175 97 176
94 177 102 177
94 179 98 180
94 181 97 182
94 183 105 183
94 198 99 199
94 201 97 202
94 223 103 223
94 236 97 237
95 21 98 23
95 24 96 28
95 31 103 31
95 37 99 38
95 49 98 50
95 66 104 66
95 80 103 80
95 84 99 85
95 155 100 156
95 157 105 157
95 158 106 158
95 162 99 163
95 192 99 193
95 194 106 194
95 211 98 212
95 235 104 235
95 246 98 247
95 248 103 248
96 39 100 40
96 44 100 45
96 46 104 46
96 51 105 51
96 58 100 59
96 64 101 65
96 86 101 87
96 96 101 97
96 101 98 103
96 104 100 105
96 117 100 118
96 126 101 127
96 146 105 146
96 148 99 149
96 150 100 151
96 152 100 153
96 161 104 161
96 166 100 167
96 174 103 174
96 189 99 190
96 195 105 195
96 203 100 204
96 226 100 227
96 233 99 234
96 241 99 242
96 245 106 245
97 18 102 19
97 20 108 20
97 24 100 26
97 27 101 28
97 53 102 54
97 62 101 63
97 74 100 75
97 99 101 100
97 110 102 111
97 112 101 113
97 124 108 124
97 164 102 165
97 168 101 169
97 178 107 178
97 196 100 197
97 207 100 208
97 220 102 221
97 232 104 232
97 243 102 244
98 5 105 5
98 8 103 9
98 10 103 11
98 32 102 33
98 42 103 43
98 47 103 48
98 55 103 56
98 57 109 57
98 67 102 68
98 81 100 83
98 90 101 91
98 108 102 109
98 120 101 121
98 122 106 122
98 133 99 136
98 137 105 137
98 144 107 144
98 170 105 170
98 175 103 176
98 181 103 182
98 201 103 202
98 213 103 214
98 215 105 215
98 219 108 219
98 229 102 230
98 231 105 231
98 236 103 237
93 1 100 1
97 2 107 2
99 21 103 22
99 23 106 23
99 30 107 30
99 41 107 41
99 49 102 50
99 60 104 61
99 69 108 69
99 88 103 89
99 93 103 94
99 101 104 102
99 103 108 103
99 129 102 131
99 132 108 132
99 138 103 139
99 140 103 141
99 145 110 145
99 172 109 172
99 179 103 180
95 185 100 186
99 191 106 191
99 205 103 206
99 210 102 212
99 224 104 225
99 238 102 239
99 240 108 240
99 246 110 246
99 247 107 247
100 6 103 7
100 12 105 13
100 14 105 15
100 16 110 16
100 17 110 17
100 34 104 35
100 37 105 38
100 52 108 52
100 78 108 78
100 84 104 85
94 115 103 115
97 116 108 116
100 148 104 149
100 159 103 160
100 162 109 162
100 163 110 163
100 188 104 189
100 190 107 190
100 192 104 193
100 198 104 199
100 209 107 209
100 228 107 228
100 233 104 234
100 241 105 242
101 0 105 1
101 24 106 25
101 26 111 26
101 36 108 36
101 39 105 40
101 44 104 45
101 58 104 59
101 81 104 82
101 83 110 83
101 104 105 105
101 117 111 117
101 123 108 123
101 150 105 151
101 152 112 152
101 153 105 154
101 155 105 156
101 166 105 167
101 184 104 186
101 196 104 197
101 203 106 204
101 207 104 208
101 216 104 217
100 218 110 218
101 226 105 227
102 3 112 3
102 27 107 28
102 62 105 63
101 73 103 75
102 76 113 76
102 86 105 87
102 90 107 91
102 95 105 96
102 97 106 98
102 99 107 100
102 106 106 107
102 112 107 113
102 118 104 120
102 121 112 121
102 126 107 127
102 128 111 128
100 134 103 136
102 147 109 147
102 168 107 169
103 32 106 33
103 49 106 50
103 53 107 54
103 77 111 77
103 108 113 108
103 109 106 110
103 111 111 111
103 125 110 125
103 129 106 130
103 131 111 131
103 142 114 142
103 164 107 165
103 171 111 171
103 177 111 177
103 210 106 211
103 212 110 212
103 220 106 221
103 229 108 230
103 243 108 244
104 4 111 4
104 6 108 7
104 8 108 9
104 21 109 22
104 31 113 31
104 42 107 43
104 47 108 48
104 55 107 56
98 72 107 72
104 73 108 74
104 75 112 75
104 79 108 80
104 88 108 89
104 92 108 93
104 94 113 94
104 114 109 115
104 133 106 135
104 136 113 136
104 138 108 139
104 140 108 141
104 143 115 143
104 173 109 174
104 175 108 176
104 179 107 180
104 181 107 182
104 200 108 201
104 202 111 202
104 205 108 206
104 213 107 214
104 222 109 223
104 236 108 237
104 248 111 248
105 34 108 35
105 44 109 45
105 46 112 46
105 58 108 59
105 60 109 61
105 64 107 67
103 68 111 68
100 70 105 71
105 81 110 82
105 84 109 85
105 101 110 102
105 148 110 149
105 184 108 185
105 186 109 187
105 188 109 189
105 192 110 193
105 196 110 197
105 198 114 198
105 207 112 207
105 208 114 208
105 216 109 217
105 224 109 225
105 232 109 233
105 234 108 235
106 0 110 1
106 5 115 5
106 10 108 13
106 14 113 14
106 37 109 38
106 39 110 40
106 51 117 51
106 62 110 63
106 70 109 71
106 86 109 87
106 95 110 96
106 104 111 105
106 137 115 137
106 146 113 146
106 150 110 151
106 153 111 154
106 155 111 156
106 157 113 157
106 166 109 167
106 170 114 170
106 183 114 183
106 195 115 195
106 215 116 215
106 226 110 227
106 231 115 231
106 241 109 242
103 18 107 19
107 23 111 24
107 25 116 25
107 32 111 33
107 49 110 50
107 97 111 98
107 106 111 107
107 109 110 110
107 122 114 122
107 129 112 130
107 133 110 134
107 135 116 135
107 158 112 159
104 160 115 160
105 161 112 161
107 191 117 191
107 203 111 204
107 210 118 210
107 211 114 211
107 220 112 221
107 245 115 245
108 2 116 2
108 18 113 19
108 27 111 29
108 41 111 42
108 43 115 43
108 53 112 54
108 55 113 56
108 64 113 65
108 66 112 67
108 72 115 72
108 99 112 100
108 112 112 113
105 119 109 120
108 126 113 127
108 144 117 144
108 164 111 165
108 168 116 168
108 169 119 169
108 178 111 180
108 181 113 182
108 190 119 190
108 209 115 209
108 213 113 214
108 228 116 228
108 247 116 247
109 6 112 7
109 8 113 9
109 10 118 10
109 11 119 11
109 34 112 35
109 36 120 36
109 47 114 48
109 52 116 52
109 58 113 59
109 69 117 69
109 73 112 74
109 78 114 79
109 88 113 89
109 90 110 93
109 103 120 103
109 116 117 116
109 123 114 124
109 132 117 132
109 138 114 139
109 140 114 141
109 184 112 185
109 199 111 201
109 205 114 206
109 219 120 219
109 229 112 230
109 234 112 235
109 236 113 237
103 239 113 239
109 240 119 240
109 243 112 244
110 20 113 22
110 37 115 38
110 44 114 45
110 57 121 57
110 60 113 61
110 70 115 71
110 84 114 85
110 86 114 87
110 114 114 115
110 118 113 119
110 147 118 147
110 162 117 162
110 166 114 167
110 172 115 173
110 174 115 175
109 176 117 176
110 186 114 187
110 188 114 189
110 216 114 217
110 222 115 223
110 224 115 225
110 232 121 232
110 233 118 233
110 241 113 242
111 0 115 1
111 15 114 17
111 39 115 40
111 49 121 49
111 50 120 50
111 62 116 63
111 80 113 82
111 83 118 83
111 90 114 92
111 93 120 93
111 95 114 96
111 101 116 102
111 109 115 110
111 125 120 125
111 133 115 134
111 148 113 151
111 163 122 163
111 192 116 193
111 196 116 197
111 212 120 212
111 218 122 218
111 226 115 227
111 246 122 246
112 4 119 4
112 23 117 24
112 26 116 27
112 28 116 29
108 30 118 30
112 32 116 33
112 41 115 42
112 68 123 68
112 77 119 77
112 97 116 98
112 104 116 105
112 106 115 107
112 111 119 111
112 117 122 117
112 128 123 128
112 131 120 131
112 153 116 154
112 155 116 156
112 164 117 165
112 171 120 171
112 177 115 178
112 179 115 180
112 199 116 200
112 201 116 202
112 203 117 204
112 248 115 249
113 3 120 3
113 6 116 7
113 34 116 35
113 46 121 46
113 53 116 54
113 66 116 67
113 73 117 74
113 75 124 75
113 99 117 100
113 112 116 113
113 120 116 121
113 129 117 130
113 152 120 152
113 158 116 159
113 161 120 161
113 184 117 185
113 207 120 207
113 220 117 221
113 229 116 230
113 234 118 235
113 243 117 244
114 8 118 9
114 18 118 19
114 20 117 21
114 22 124 22
114 31 122 31
114 55 119 56
114 58 124 58
114 59 118 60
114 61 122 61
114 64 119 65
114 76 121 76
114 80 118 81
114 82 124 82
114 88 119 89
114 94 121 94
114 108 121 108
114 118 118 119
114 126 117 127
114 136 121 136
114 145 119 146
114 148 118 149
114 150 118 151
114 157 122 157
114 181 118 182
114 213 118 214
114 236 118 237
114 238 118 239
114 241 119 242
109 13 117 13
114 14 123 14
115 15 126 15
115 44 118 45
115 47 118 48
115 78 119 79
115 84 119 85
115 86 118 87
115 90 119 91
115 92 124 92
115 95 119 96
115 114 123 114
115 115 123 115
115 122 118 123
115 124 125 124
115 138 119 139
115 140 120 141
115 166 120 167
115 170 126 170
115 183 122 183
115 186 119 187
115 188 119 189
115 198 123 198
115 205 119 206
115 208 123 208
115 211 122 211
116 0 121 1
116 5 126 5
116 37 121 38
116 39 120 40
116 41 119 42
116 43 125 43
116 70 118 72
116 106 120 107
116 109 121 110
116 133 121 134
116 137 124 137
116 142 119 143
116 160 123 160
116 172 119 173
116 174 119 175
116 177 121 178
116 179 121 180
116 194 121 195
116 209 125 209
116 222 120 223
116 224 120 225
116 226 120 227
116 231 123 231
116 245 123 245
116 248 120 249
117 2 124 2
117 6 120 7
117 25 120 26
117 27 124 27
117 28 127 28
117 29 125 29
117 32 118 35
117 52 120 53
117 62 120 63
117 66 122 67
117 97 121 98
117 101 121 102
117 104 120 105
117 112 121 113
117 120 121 121
117 135 124 135
117 153 121 154
117 155 121 156
117 158 120 159
117 168 128 168
117 192 120 193
117 196 120 197
117 199 121 200
117 201 122 202
117 228 120 229
117 230 125 230
117 247 125 247
118 12 121 13
118 20 121 21
118 51 127 51
118 69 129 69
118 73 123 74
118 99 122 100
118 116 129 116
118 126 123 127
118 129 123 130
118 132 127 132
118 144 128 144
118 162 125 162
118 164 122 165
118 176 126 176
118 184 123 185
118 191 126 191
118 203 121 204
118 220 121 221
118 243 121 244
119 8 123 9
119 10 128 10
119 16 121 18
119 19 126 19
119 30 130 30
119 44 122 45
119 47 124 48
119 59 122 60
119 70 122 72
119 80 123 81
119 83 126 83
119 86 122 87
119 118 124 119
119 122 122 123
119 147 122 148
119 149 124 150
119 151 130 151
119 181 123 182
119 210 126 210
119 213 123 214
119 233 124 234
119 235 123 236
119 237 130 237
119 238 124 239
120 4 130 4
120 11 127 11
120 41 129 41
120 42 130 42
120 54 123 56
120 64 124 65
120 77 124 78
120 79 129 79
120 84 123 85
120 88 124 89
120 90 123 91
120 95 124 96
120 111 131 111
120 138 125 139
120 142 123 143
120 145 124 146
120 172 123 173
120 174 131 174
120 175 129 175
120 186 123 187
120 188 125 189
120 205 124 206
120 240 123 242
121 3 128 3
121 6 124 7
119 33 122 35
121 39 126 40
121 50 128 50
121 52 124 53
121 62 129 62
121 63 130 63
121 93 132 93
121 103 132 103
121 104 124 105
121 106 126 107
121 125 130 125
121 131 129 131
121 140 125 141
121 152 130 152
121 158 124 159
121 161 129 161
121 171 128 171
121 192 126 193
121 196 132 196
121 207 129 207
121 212 128 212
115 216 125 216
115 217 124 217
121 219 132 219
121 222 124 223
121 224 126 225
121 226 126 227
121 228 125 229
121 248 126 249
122 0 127 1
122 12 125 13
122 16 131 16
122 17 127 18
122 20 127 21
122 36 125 38
122 46 129 46
122 49 129 49
122 57 130 57
122 76 129 76
122 94 129 94
122 97 133 97
122 98 130 98
122 101 127 102
122 108 126 109
122 110 131 110
122 112 127 113
122 120 126 121
122 133 126 134
122 136 129 136
122 153 126 154
122 155 126 156
122 177 127 178
122 179 126 180
122 194 126 195
122 199 125 200
122 203 126 204
122 220 127 221
122 232 133 232
122 243 126 244
121 24 124 26
123 31 127 32
123 33 126 35
123 44 127 45
123 59 126 60
123 61 130 61
123 66 127 67
123 70 133 70
123 71 133 71
123 72 132 72
123 86 128 87
123 99 128 100
123 117 132 117
123 122 131 122
123 147 127 148
123 157 132 157
123 163 125 165
123 183 133 183
123 201 132 201
123 202 133 202
123 211 131 211
123 218 130 218
124 8 128 9
124 14 133 14
124 54 127 55
124 56 132 56
124 73 127 74
124 80 128 81
124 84 127 85
124 90 133 90
124 91 131 91
124 114 129 115
124 126 129 127
124 128 127 130
124 142 134 142
124 143 134 143
124 160 131 160
124 172 127 173
124 181 129 182
124 184 127 185
124 186 129 187
124 197 128 198
124 208 134 208
124 213 128 214
124 231 135 231
124 235 129 236
124 240 127 241
124 245 128 246
125 2 132 2
125 22 127 24
125 25 135 25
125 26 128 27
125 47 128 48
125 52 129 53
125 58 134 58
125 64 130 65
125 75 133 75
125 82 134 82
125 88 128 89
125 92 132 92
125 95 129 96
125 104 134 104
125 118 130 119
125 135 136 135
125 137 132 137
125 145 128 146
125 149 130 150
125 158 128 159
125 205 130 206
125 217 132 217
125 222 128 223
125 233 128 234
125 238 128 239
126 12 129 13
126 29 133 29
126 36 136 36
126 37 131 38
126 43 137 43
126 138 129 139
126 140 130 141
126 162 131 163
126 164 131 165
121 166 126 167
126 188 131 189
126 199 129 200
126 209 136 209
117 215 127 215
126 216 133 216
126 228 133 228
126 247 135 247
127 5 132 6
125 7 133 7
127 15 137 15
127 19 137 19
127 33 129 35
127 39 131 40
127 59 130 60
127 83 134 83
127 105 129 107
127 108 131 109
127 120 132 121
127 133 132 134
127 153 130 154
127 155 130 156
127 166 130 167
127 169 130 170
127 176 137 176
127 179 131 180
127 190 132 191
127 192 130 194
127 203 131 204
127 210 134 210
127 224 132 225
127 226 131 227
127 242 130 244
127 248 132 249
128 0 138 0
128 11 135 11
128 20 139 20
128 21 137 21
128 22 137 22
128 23 133 24
128 28 138 28
128 31 133 32
128 44 139 44
128 45 139 45
128 51 135 51
128 54 132 55
128 66 133 67
128 84 131 85
128 101 131 102
128 112 131 113
128 128 133 129
128 130 137 130
128 132 135 132
128 147 132 148
128 172 137 172
128 173 135 173
128 177 133 178
128 184 132 185
128 215 135 215
128 220 131 221
128 240 131 241
129 3 136 3
129 8 132 9
129 10 137 10
129 26 133 27
129 47 132 48
129 50 140 50
129 80 132 81
129 86 132 87
129 88 132 89
129 99 134 100
129 144 131 146
129 158 134 159
129 168 138 168
129 171 137 171
129 197 140 197
129 198 139 198
129 212 137 212
129 213 132 214
129 222 134 223
129 233 133 234
129 238 133 239
129 245 134 246
130 12 134 13
130 33 133 35
130 41 139 41
130 46 139 46
130 49 138 49
130 52 134 53
130 62 139 62
130 68 134 69
130 76 133 77
125 78 136 78
130 79 140 79
130 94 135 95
130 96 141 96
130 105 134 106
130 107 139 107
130 114 141 114
126 123 130 124
130 126 134 127
130 131 140 131
130 136 137 136
130 138 134 139
130 161 137 161
130 175 140 175
130 181 133 182
130 186 134 187
130 199 133 200
130 207 141 207
130 235 134 236
131 4 138 4
131 42 141 42
131 57 140 57
131 59 136 60
131 61 139 61
131 63 135 64
131 65 138 65
131 98 138 98
131 118 136 119
131 123 135 124
131 125 139 125
131 140 135 141
131 149 134 150
131 151 132 155
131 156 142 156
131 166 136 167
131 169 135 170
131 192 135 193
131 205 134 206
131 218 138 218
132 16 139 16
132 37 137 38
132 39 135 40
132 84 135 85
132 91 143 91
132 101 135 102
132 108 136 109
132 110 134 113
132 122 139 122
132 144 142 144
132 145 137 146
132 160 140 160
132 162 136 163
132 164 135 165
132 179 136 180
132 188 135 189
132 203 143 203
132 204 143 204
132 211 139 211
132 220 135 221
132 226 136 227
126 230 137 230
132 240 135 241
133 1 137 2
133 5 137 6
133 8 137 9
133 47 136 48
133 54 141 54
133 55 137 56
133 72 138 73
128 74 136 74
133 80 142 80
133 86 143 86
133 87 137 88
133 89 140 89
133 92 140 92
133 103 140 103
133 133 141 133
133 137 140 137
133 147 136 148
133 151 143 151
133 152 138 153
133 154 137 155
133 157 141 157
133 184 138 185
133 190 138 191
127 195 137 195
133 196 140 196
133 201 142 201
133 213 137 214
133 217 143 217
133 219 143 219
133 224 138 225
134 7 141 7
134 14 145 14
129 17 134 18
134 23 137 24
134 26 139 27
134 29 138 30
134 31 138 32
134 33 136 35
134 66 142 66
134 67 143 67
134 70 138 71
134 75 137 76
134 77 145 77
134 90 145 90
134 128 139 129
134 177 138 178
134 181 139 182
134 183 142 183
134 199 145 199
134 200 141 200
134 202 141 202
134 216 141 216
134 228 138 229
134 232 137 234
134 237 136 239
135 12 145 12
135 13 146 13
135 17 140 18
135 52 145 52
135 58 143 58
135 68 139 69
135 81 138 83
135 99 139 100
135 104 140 105
135 106 143 106
135 126 143 126
135 127 145 127
135 138 139 139
135 142 138 143
135 149 140 150
135 158 138 159
135 186 139 187
135 205 140 206
135 208 143 208
135 210 143 210
135 222 145 222
135 235 138 236
135 242 136 246
136 11 143 11
136 25 146 25
136 39 140 40
136 51 143 51
136 63 139 64
136 84 140 85
136 93 139 94
136 95 144 95
136 101 139 102
130 116 138 116
133 117 142 117
136 123 141 124
136 132 143 132
136 140 139 141
136 164 139 165
136 169 141 170
136 173 139 174
136 188 141 189
136 192 144 192
136 193 140 194
136 215 145 215
136 220 141 221
136 240 139 241
136 247 140 248
133 249 140 249
137 3 147 3
137 33 140 35
137 36 145 36
137 47 148 47
137 48 145 48
137 59 142 60
137 74 148 74
137 108 142 109
137 118 141 119
137 147 141 148
137 162 142 163
137 166 141 167
137 179 141 180
137 209 144 209
137 226 140 227
137 237 140 239
137 242 142 243
137 244 142 245
137 246 146 246
138 1 141 2
138 5 143 6
138 8 141 9
138 10 145 10
138 15 146 15
138 19 146 19
138 21 139 24
138 37 147 37
138 38 147 38
138 55 142 56
138 75 143 76
138 87 141 88
138 130 149 130
138 134 141 136
138 145 141 146
138 154 143 155
138 161 146 161
138 171 141 172
138 176 148 176
138 195 148 195
138 212 141 213
138 214 147 214
138 230 142 231
138 232 142 233
138 234 145 234
139 0 148 0
139 4 147 4
139 28 141 30
139 31 143 32
139 49 147 49
139 65 146 65
139 70 142 71
139 72 143 73
139 97 144 98
135 111 140 112
135 113 146 113
139 115 143 116
134 120 139 121
139 142 143 143
139 152 143 153
139 158 142 159
139 168 149 168
139 177 143 178
139 184 149 184
139 185 150 185
139 190 142 191
139 218 147 218
139 223 141 225
139 228 142 229
139 235 144 236
140 16 147 16
140 20 143 21
140 22 145 23
140 24 148 24
140 26 144 27
140 41 150 41
140 43 142 45
140 46 151 46
140 61 143 62
140 63 145 64
140 68 143 69
140 93 144 94
140 99 145 100
140 101 144 102
140 107 147 107
140 120 145 121
140 122 147 122
140 125 151 125
140 128 144 129
140 138 143 139
140 140 143 141
140 164 144 165
140 173 144 174
140 181 144 182
140 186 150 186
140 187 150 187
140 198 148 198
140 211 150 211
140 240 143 241
141 17 144 18
141 33 144 35
141 39 146 40
141 57 148 57
141 78 145 79
141 81 142 85
141 89 149 89
141 103 145 104
141 105 148 105
141 110 143 112
141 131 151 131
141 137 148 137
141 149 145 150
141 160 149 160
141 175 149 175
141 193 146 194
141 196 149 196
141 205 146 206
141 226 146 227
141 237 146 238
141 239 152 239
141 247 146 248
141 249 150 249
142 1 145 2
142 7 147 8
142 9 152 9
142 28 147 29
142 30 151 30
142 42 150 42
142 53 147 54
142 87 145 88
142 114 152 114
142 118 147 119
142 123 147 124
142 133 145 134
142 135 145 136
142 145 146 146
142 147 146 148
142 157 151 157
142 166 145 167
142 169 144 172
142 179 146 180
142 188 152 188
142 200 150 200
142 202 151 202
142 212 146 213
142 216 152 216
142 220 146 221
142 223 147 224
142 225 151 225
143 43 146 44
143 45 152 45
143 55 148 56
143 59 146 60
143 66 150 66
143 70 148 71
143 80 146 81
143 82 147 83
143 84 147 85
143 108 147 109
143 117 152 117
143 144 154 144
143 158 146 159
143 162 146 163
143 183 150 183
143 189 145 191
143 201 154 201
143 228 147 229
143 230 151 230
143 242 146 244
144 11 153 11
144 20 147 21
144 31 147 32
144 50 148 51
144 58 152 58
144 61 148 62
144 67 148 68
144 72 154 72
144 73 154 73
144 75 154 75
144 86 151 86
144 106 151 106
144 110 147 112
144 115 152 115
144 116 155 116
144 126 155 126
144 132 153 132
144 138 148 139
144 140 147 141
144 142 149 143
144 151 147 152
144 153 148 154
144 177 148 178
144 203 153 203
144 207 149 208
144 210 154 210
144 217 151 217
144 219 155 219
144 240 149 241
145 17 150 18
145 26 149 27
145 33 150 34
145 93 146 97
145 98 154 98
145 101 152 101
145 102 154 102
145 128 150 129
145 164 149 165
145 169 146 173
145 174 153 174
145 181 150 182
145 192 155 192
145 209 154 209
145 235 149 236
146 1 149 2
146 10 153 10
146 12 153 12
146 14 153 14
146 22 150 23
146 35 149 36
146 48 157 48
146 52 153 52
146 63 149 64
146 76 149 77
146 78 151 79
146 87 151 88
146 90 150 91
141 92 150 92
146 99 149 100
146 103 150 104
146 120 149 121
146 127 156 127
146 133 149 134
146 135 150 136
146 149 150 150
146 166 149 167
146 189 154 189
146 190 149 191
146 215 155 215
146 222 154 222
143 232 147 233
146 234 153 234
147 13 156 13
147 15 155 15
147 19 156 19
147 25 154 25
147 39 151 40
147 43 150 44
147 59 155 59
147 60 154 60
147 65 158 65
147 80 157 80
147 81 155 81
147 93 151 94
147 95 151 96
147 97 154 97
147 113 155 113
147 145 151 146
147 147 150 148
147 158 151 159
147 161 150 162
147 163 154 163
147 169 151 170
147 171 151 172
147 173 157 173
147 179 151 180
147 193 151 194
147 204 150 205
147 206 156 206
147 212 158 212
147 220 150 221
147 226 151 227
147 237 151 238
147 242 151 243
148 3 151 4
148 5 150 7
148 8 159 8
148 16 155 16
148 20 151 21
148 28 152 29
148 31 152 32
148 37 151 38
148 49 158 49
148 53 156 53
148 82 153 83
148 84 151 85
148 107 152 108
148 109 157 109
148 110 153 111
148 112 156 112
148 118 153 119
148 122 152 123
148 124 157 124
148 140 152 141
148 151 152 152
148 218 155 218
148 228 152 229
148 231 150 233
147 245 149 248
149 0 160 0
149 24 158 24
149 47 158 47
149 50 157 50
149 54 152 55
149 56 154 57
149 61 154 62
149 67 154 68
149 69 152 71
149 74 157 74
149 105 160 105
149 137 154 138
149 139 158 139
149 153 153 154
149 176 153 177
149 178 156 178
149 195 157 195
149 197 152 199
150 1 155 2
150 26 154 27
150 35 153 36
150 63 155 64
150 76 158 76
150 89 161 89
150 99 155 100
150 120 153 121
150 130 157 130
150 133 155 134
150 142 154 143
150 160 158 160
150 164 153 165
150 166 154 167
150 168 157 168
150 175 157 175
150 184 161 184
150 190 161 190
150 191 161 191
150 196 157 196
150 207 155 208
150 235 158 235
150 240 154 241
150 244 152 246
150 247 154 248
151 5 154 6
151 7 158 7
151 17 155 18
151 22 154 23
151 33 154 34
151 41 153 43
151 44 160 44
151 66 162 66
151 90 156 91
151 92 161 92
151 103 156 104
151 128 155 129
151 135 155 136
151 147 155 148
151 149 154 150
151 161 154 162
151 181 155 182
151 183 159 183
151 185 154 186
151 187 161 187
151 200 161 200
151 204 155 205
151 211 160 211
151 220 156 221
151 231 154 232
151 233 159 233
151 249 160 249
152 3 156 4
152 20 156 21
152 30 159 30
152 37 156 38
152 39 156 40
152 46 161 46
152 77 157 78
152 79 159 79
152 84 155 86
152 87 155 88
152 93 157 94
152 95 155 96
152 106 163 106
152 125 163 125
152 131 163 131
152 145 155 146
152 155 154 158
152 159 161 159
152 169 157 170
152 171 157 172
152 179 156 180
152 193 155 194
152 202 161 202
152 217 162 217
152 223 153 227
152 230 160 230
152 236 154 238
152 242 155 243
153 9 162 9
153 28 157 29
153 31 156 32
153 45 160 45
153 54 158 55
153 58 164 58
153 69 157 70
153 71 162 71
153 101 160 101
153 107 157 108
153 114 157 115
153 117 160 117
153 122 158 123
153 140 164 140
153 151 158 152
153 188 161 188
153 197 156 198
153 199 161 199
153 216 161 216
153 228 157 229
153 244 156 245
153 246 161 246
154 10 165 10
154 11 158 12
154 14 165 14
154 35 159 36
154 41 164 41
154 42 157 43
154 51 157 52
154 82 158 83
154 110 157 111
154 118 158 119
154 120 159 121
154 132 163 132
154 153 157 154
154 164 159 165
154 174 164 174
154 176 158 177
154 203 163 203
148 214 155 214
154 223 158 224
154 225 158 226
154 227 163 227
154 234 162 234
155 5 159 6
155 22 158 23
155 25 160 26
155 27 162 27
155 33 159 34
155 56 159 57
155 60 163 60
155 61 159 62
155 67 158 68
155 72 160 73
155 75 165 75
155 97 158 98
155 102 163 102
155 137 158 138
155 141 157 144
155 149 159 150
155 155 158 156
155 157 158 158
155 161 158 162
155 163 165 163
155 166 159 167
155 185 159 186
155 189 162 189
155 209 160 210
155 222 162 222
155 231 158 232
155 236 166 236
155 237 160 238
155 239 158 241
155 247 159 248
156 1 164 1
156 2 167 2
156 15 167 15
156 16 160 17
156 18 166 18
156 59 163 59
156 63 161 64
156 81 164 81
156 84 161 85
156 86 159 87
156 88 164 88
156 95 159 96
156 99 159 100
156 113 163 113
156 116 164 116
156 126 163 126
156 128 159 129
156 133 160 134
156 135 160 136
156 145 160 146
156 147 159 148
156 181 160 182
156 192 160 193
156 194 166 194
156 204 160 205
156 207 160 208
156 213 160 214
156 215 163 215
156 218 160 219
156 242 166 242
156 243 167 243
157 3 161 4
157 13 168 13
157 19 164 19
157 20 160 21
157 31 161 32
157 37 160 38
157 39 161 40
157 53 166 53
157 103 162 104
157 112 168 112
157 127 165 127
157 178 160 179
157 180 167 180
157 197 160 198
157 206 166 206
157 220 161 221
157 244 162 245
158 28 163 29
158 50 162 51
158 52 166 52
158 69 163 70
158 74 165 74
158 77 161 78
158 80 166 80
158 93 162 94
158 107 161 108
158 109 163 110
158 111 169 111
158 114 162 115
158 124 167 124
158 130 165 130
158 141 162 142
158 143 163 144
158 153 162 154
158 168 161 169
158 170 163 171
158 172 161 173
158 175 167 175
158 195 162 196
158 228 162 229
159 7 168 7
159 11 162 12
159 22 164 23
159 24 166 24
159 47 164 48
159 49 168 49
159 54 163 55
159 65 170 65
159 67 163 68
159 76 170 76
159 82 170 82
159 83 168 83
159 97 163 98
159 118 164 119
159 122 162 123
159 137 164 138
159 139 167 139
159 151 164 152
159 155 169 155
159 156 164 157
159 158 170 158
159 160 162 161
159 162 168 162
159 176 163 177
159 223 169 223
159 224 163 225
159 226 166 226
159 231 162 232
159 235 167 235
159 239 163 240
159 241 166 241
160 5 164 6
160 8 169 8
160 30 167 30
160 33 165 34
160 35 165 36
160 56 164 57
160 61 165 62
160 79 167 79
160 86 163 87
160 95 164 96
160 99 165 100
160 120 163 121
160 128 164 129
160 147 163 148
160 149 164 150
160 164 165 165
160 166 164 167
160 183 168 183
160 185 167 185
160 186 170 186
160 233 169 233
160 247 164 248
161 16 166 17
161 20 166 21
161 25 165 26
161 37 166 38
161 72 165 73
161 101 172 101
161 105 170 105
161 117 168 117
161 133 166 134
161 135 170 135
161 145 166 146
161 178 164 179
161 181 165 182
161 192 166 193
161 197 172 197
161 198 172 198
161 204 165 205
161 207 164 208
161 209 163 211
161 212 163 214
161 218 165 219
161 230 168 230
161 237 165 238
161 249 171 249
162 3 171 3
162 4 172 4
162 31 166 32
162 39 165 40
162 63 166 64
162 77 167 78
162 84 166 85
162 89 170 89
162 90 165 92
162 107 166 108
162 159 170 159
162 168 167 169
162 172 166 173
162 187 166 188
162 190 166 191
162 199 166 200
162 216 172 216
162 220 165 221
162 246 169 246
163 9 170 9
163 11 168 12
163 27 170 27
161 44 164 45
162 46 171 46
163 50 167 51
163 66 173 66
163 71 170 71
163 93 168 94
163 103 168 104
163 114 168 115
163 122 167 123
163 141 168 142
163 153 166 154
163 160 166 161
163 189 171 189
163 195 166 196
163 217 170 217
163 222 171 222
163 228 173 228
163 229 174 229
163 231 168 232
163 234 172 234
163 244 166 245
164 28 167 29
158 43 169 43
164 54 169 55
164 59 169 60
164 67 168 68
164 69 167 70
164 86 168 87
164 97 172 97
164 98 174 98
164 102 173 102
164 106 175 106
164 109 169 110
164 113 171 113
164 120 169 121
164 125 167 126
164 131 168 132
164 143 167 144
164 147 167 148
164 170 168 171
164 176 169 177
164 209 167 210
164 211 167 212
164 213 169 214
164 215 173 215
164 224 167 225
164 227 173 227
164 239 168 240
165 0 168 1
165 5 169 6
165 19 173 19
165 22 174 22
165 41 169 42
165 44 168 45
165 47 172 47
165 48 176 48
165 56 169 57
165 58 173 58
165 81 174 81
165 88 173 88
165 95 169 96
165 116 174 116
165 118 168 119
165 128 174 128
165 149 167 152
165 156 169 157
165 166 168 167
165 174 173 174
165 178 170 179
165 207 169 208
165 247 170 248
166 25 170 26
166 33 171 34
166 35 169 36
166 39 170 40
166 61 170 62
166 72 171 73
166 74 169 75
166 90 169 91
166 92 173 92
166 99 170 100
166 127 173 127
166 129 169 130
166 163 168 165
166 181 170 182
156 201 167 201
162 202 169 202
164 203 173 203
166 204 173 204
166 205 176 205
166 218 170 219
166 220 170 221
166 237 171 238
167 16 171 17
167 18 175 18
167 20 172 21
167 23 170 24
167 31 171 32
167 37 171 38
167 52 171 53
167 63 172 64
167 80 174 80
167 84 171 85
167 107 171 108
167 145 171 146
167 153 172 154
167 172 171 173
167 187 172 188
167 190 171 191
167 192 172 193
167 194 171 195
167 196 178 196
167 199 172 200
167 206 177 206
167 226 176 226
167 236 174 236
167 241 170 242
167 244 171 245
168 28 173 29
168 30 175 30
168 50 171 51
168 69 172 70
168 77 172 78
168 79 177 79
168 122 172 123
168 124 171 126
168 136 169 140
168 143 171 144
168 147 171 148
168 149 172 150
168 151 173 152
168 168 173 169
168 175 178 175
168 180 178 180
168 184 173 185
168 201 177 201
168 209 177 209
168 210 171 212
168 224 172 225
168 235 175 235
168 243 176 243
169 0 173 1
169 7 177 7
169 10 172 12
169 13 177 13
169 44 172 45
169 49 179 49
169 67 172 68
169 83 179 83
169 86 177 86
169 87 176 87
169 93 173 94
169 103 176 103
169 104 177 104
169 114 173 115
169 117 172 118
169 131 173 132
169 141 174 142
169 162 170 166
169 167 178 167
169 170 172 171
169 183 177 183
169 230 173 231
169 232 177 232
169 239 174 240
170 5 174 6
170 8 177 8
170 35 175 36
170 41 175 42
170 43 179 43
170 54 174 55
170 56 174 57
170 59 174 60
170 74 173 75
170 90 173 91
170 95 173 96
170 109 172 112
170 119 173 121
170 129 174 130
170 136 173 137
170 138 174 139
170 155 173 156
170 157 177 157
170 176 174 177
170 202 177 202
170 207 173 208
170 213 174 214
170 223 177 223
170 233 178 233
170 246 180 246
171 9 180 9
171 23 174 24
171 25 178 25
171 26 176 27
171 39 176 40
171 61 175 62
171 71 179 71
171 76 179 76
171 82 179 82
171 89 179 89
171 99 176 100
171 105 182 105
171 133 174 135
171 158 174 160
167 161 178 161
171 162 175 163
171 164 176 165
171 166 178 166
171 178 176 179
171 181 175 182
171 186 178 186
171 217 175 218
171 219 175 220
171 221 178 221
171 241 175 242
172 2 175 3
172 14 173 17
172 31 175 33
172 37 176 38
172 46 182 46
172 50 175 51
172 52 177 53
172 72 176 73
172 84 176 85
172 107 176 108
172 113 180 113
172 124 176 125
172 126 179 126
172 143 176 144
172 145 175 146
172 147 177 148
172 172 176 173
172 189 175 190
172 191 180 191
172 194 176 195
172 222 183 222
172 244 175 245
172 247 174 249
173 4 181 4
173 10 178 11
173 12 181 12
173 20 178 21
173 44 176 45
173 47 183 47
173 63 178 64
173 67 178 68
173 69 177 70
173 77 176 78
173 97 180 97
173 101 180 101
173 109 175 111
173 112 184 112
173 117 181 117
173 118 182 118
173 122 177 123
173 149 176 150
173 170 178 171
173 187 176 188
173 192 178 193
173 197 176 198
173 199 177 200
173 216 180 216
173 224 181 224
173 234 180 234
174 0 179 1
174 14 177 15
174 16 178 17
174 19 182 19
174 28 179 29
174 58 182 58
174 65 177 66
174 74 178 75
174 88 183 88
174 90 179 91
174 92 178 93
174 94 179 95
174 96 182 96
174 102 184 102
174 114 179 115
174 119 178 120
174 121 184 121
174 127 181 127
174 131 183 131
174 136 178 137
174 151 179 152
174 153 176 155
174 156 185 156
174 168 179 169
174 174 183 174
174 184 178 185
174 203 179 204
174 207 178 208
174 215 181 215
174 227 179 228
174 230 177 231
175 5 180 6
175 22 178 24
175 54 180 55
175 56 179 57
175 59 178 60
175 80 180 81
175 98 184 98
175 116 182 116
175 128 180 129
175 130 182 130
175 132 178 134
175 135 186 135
175 138 178 139
175 158 178 159
175 160 186 160
175 176 178 177
175 229 186 229
175 236 179 237
172 238 179 238
175 239 179 240
175 247 178 248
175 249 182 249
176 2 180 3
176 18 187 18
176 30 179 31
176 32 180 33
176 34 178 36
176 41 180 42
176 50 179 51
176 61 179 62
176 106 184 106
176 109 187 109
176 110 185 110
176 111 187 111
176 145 179 146
176 162 180 163
176 181 179 182
176 189 179 190
175 212 177 214
176 217 180 218
176 219 180 220
176 235 184 235
176 241 179 242
177 26 181 27
177 37 181 38
177 39 182 40
177 44 180 45
177 72 181 73
177 77 181 78
177 84 180 85
177 87 188 87
177 99 188 99
177 100 188 100
177 103 186 103
177 107 181 108
177 124 181 125
177 140 178 144
177 149 181 150
177 164 181 165
177 172 182 173
177 178 180 179
177 187 182 188
177 194 182 195
177 197 182 198
177 205 185 205
177 225 182 226
177 243 180 244
176 245 187 245
178 7 181 8
178 13 181 14
178 15 185 15
178 52 183 53
178 65 182 66
178 69 189 69
178 79 186 79
178 86 185 86
178 104 186 104
178 122 181 123
178 147 181 148
178 157 186 157
178 183 185 183
178 199 181 200
178 201 183 202
178 206 185 206
178 209 181 210
172 211 180 211
178 212 182 213
178 214 187 214
178 223 185 223
178 230 182 231
178 232 187 232
179 10 182 11
179 16 184 17
179 20 184 21
179 22 181 25
179 34 183 35
179 36 189 36
179 59 190 59
179 63 184 64
179 67 182 68
179 74 184 75
179 92 184 93
179 119 184 120
179 136 184 137
179 138 182 139
179 140 182 141
179 142 182 143
179 144 190 144
179 158 183 159
179 166 183 167
179 170 184 171
179 175 183 176
179 177 187 177
179 180 186 180
179 184 182 185
179 186 186 186
179 192 182 193
179 196 186 196
179 207 182 208
179 221 189 221
179 233 187 233
179 247 182 248
180 0 183 1
180 28 183 29
180 30 183 31
180 43 187 43
180 48 183 50
180 56 185 57
180 60 182 62
180 70 184 71
180 76 191 76
180 82 184 83
180 89 184 90
180 91 187 91
180 94 184 95
180 114 183 115
180 126 188 126
180 145 184 146
180 151 185 152
180 168 184 169
180 181 190 181
180 182 188 182
180 189 185 190
180 203 184 204
180 227 185 228
180 236 184 237
180 238 184 239
180 240 183 241
180 242 191 242
181 2 185 3
181 5 184 6
181 9 191 9
181 32 184 33
181 41 186 42
181 44 192 44
181 45 192 45
181 54 185 55
181 80 184 81
181 84 185 85
181 97 188 97
181 101 189 101
181 113 189 113
181 128 185 129
177 154 182 155
181 161 183 163
181 178 185 179
181 191 192 191
181 211 192 211
181 216 186 217
181 218 185 219
181 220 191 220
181 234 190 234
181 243 185 244
181 246 189 246
182 4 189 4
182 7 186 8
182 12 186 13
182 14 190 14
182 22 185 23
182 24 184 27
182 37 187 38
182 72 186 73
182 77 186 78
182 107 193 107
182 108 193 108
182 117 193 117
182 122 186 123
182 124 187 125
182 127 193 127
179 133 183 134
182 147 187 148
182 149 187 150
182 164 186 165
182 199 186 200
182 209 186 210
182 215 191 215
182 224 189 224
183 10 186 11
183 19 191 19
183 39 186 40
183 46 193 46
183 58 190 58
183 60 194 60
183 61 193 61
183 62 193 62
183 65 186 67
183 96 194 96
183 105 192 105
183 116 190 116
183 118 194 118
183 130 194 130
183 138 187 139
183 140 187 141
183 142 187 143
183 153 186 155
183 172 194 172
183 173 194 173
183 184 188 185
183 187 188 188
183 192 187 193
183 194 187 195
183 197 186 198
183 207 188 208
183 212 187 213
183 230 187 231
183 247 187 248
183 249 194 249
184 0 188 1
184 28 187 29
184 30 187 31
184 34 189 35
184 47 187 49
184 50 188 51
184 52 187 53
184 88 194 88
184 114 187 115
184 131 187 132
184 133 189 134
184 158 194 158
184 159 194 159
184 161 187 162
184 163 195 163
184 166 189 167
184 174 189 175
184 176 195 176
184 201 188 202
184 240 193 240
184 241 191 241
185 5 188 6
185 16 190 17
185 20 188 21
185 32 188 33
185 63 190 64
185 70 189 71
185 74 190 75
185 80 188 81
185 82 188 83
185 89 189 90
185 92 188 93
185 94 189 95
185 98 196 98
185 102 195 102
185 106 192 106
185 112 196 112
185 119 188 120
185 121 195 121
185 145 190 146
185 168 190 169
185 170 190 171
185 203 188 204
185 235 188 237
185 238 190 239
186 2 191 3
186 15 197 15
186 22 190 23
186 54 191 55
186 56 189 57
186 84 191 85
186 86 195 86
186 110 197 110
186 128 190 129
186 151 189 152
186 178 191 179
186 183 196 183
186 189 190 190
186 205 190 206
186 218 191 219
186 222 189 223
186 243 191 244
187 7 191 8
187 10 191 11
187 12 192 13
187 39 191 40
187 41 192 42
187 65 189 68
187 72 197 72
187 73 197 73
187 77 191 78
187 79 198 79
187 103 191 104
187 122 190 123
187 135 198 135
187 153 190 154
187 155 189 157
187 164 191 165
187 180 196 180
187 186 198 186
187 196 191 197
187 198 191 199
187 200 195 200
187 209 191 210
187 216 191 217
185 26 189 27
188 28 192 29
188 30 191 31
188 43 199 43
188 47 193 48
188 49 199 49
188 52 191 53
188 91 198 91
188 109 198 109
188 114 193 115
188 124 191 125
188 131 192 132
188 136 190 139
188 140 191 141
188 142 191 143
188 147 199 147
188 148 199 148
188 149 199 149
188 150 199 150
188 160 190 162
188 177 196 177
188 192 192 193
188 194 193 195
188 212 192 213
188 214 196 214
186 226 189 228
188 229 190 231
188 232 199 232
188 233 199 233
188 247 192 248
189 0 193 1
189 20 193 21
189 32 193 33
189 50 193 51
189 80 199 80
189 81 192 82
189 83 199 83
189 87 198 87
189 92 192 93
189 97 198 97
189 99 194 100
189 119 199 119
189 120 199 120
189 126 199 126
189 182 196 182
189 184 192 185
189 187 193 188
189 201 194 202
189 203 192 204
189 207 192 208
189 235 194 236
189 237 199 237
190 4 195 5
189 6 199 6
190 24 192 27
190 34 193 36
190 56 194 57
190 65 193 67
190 68 193 70
190 71 197 71
190 89 194 90
190 94 194 95
190 101 198 101
190 113 199 113
190 133 193 134
190 151 199 151
190 152 199 152
190 155 195 156
190 157 199 157
190 174 195 175
190 221 195 222
190 223 194 224
190 225 192 227
190 228 199 228
190 245 195 246
191 14 198 14
191 16 196 17
191 22 196 23
191 58 194 59
191 63 196 64
191 116 199 116
191 122 195 123
191 128 196 129
191 136 196 137
191 138 195 139
191 144 196 145
191 153 195 154
191 160 193 162
191 166 192 170
191 171 199 171
191 181 199 181
191 189 194 190
191 205 196 206
191 229 196 230
191 231 199 231
191 234 199 234
192 7 196 8
192 9 196 10
192 11 199 11
192 18 197 19
192 30 197 31
188 37 193 38
192 39 196 40
192 52 195 53
192 54 195 55
192 74 193 78
192 103 195 104
192 124 197 125
192 140 196 141
192 142 196 143
192 164 197 165
192 178 196 179
192 196 197 197
192 198 195 199
192 209 197 210
192 215 196 216
192 217 196 218
192 219 196 220
192 241 196 242
193 12 198 13
193 24 196 25
193 26 198 27
193 28 197 29
193 81 198 82
193 92 198 93
193 105 198 106
193 131 198 132
193 166 195 169
193 184 196 185
193 191 196 193
193 203 197 204
193 207 198 208
193 211 195 213
193 225 198 226
193 247 198 248
194 0 199 1
194 20 198 21
194 32 197 33
194 34 195 38
194 44 196 47
194 50 199 51
194 61 199 62
194 65 199 66
194 67 199 68
194 74 197 75
194 76 197 78
194 107 198 108
194 114 199 115
194 133 199 134
194 187 199 188
194 194 197 195
194 238 196 240
195 56 197 58
195 59 199 60
195 88 198 90
195 94 198 96
195 158 199 159
194 160 199 161
195 189 199 190
195 201 199 202
195 223 199 224
196 2 198 5
196 34 199 36
196 52 199 54
196 84 199 86
196 102 198 104
196 121 199 123
196 138 199 139
196 153 199 155
196 166 199 168
196 172 197 176
196 198 199 200
196 211 199 213
196 243 199 245
197 7 199 10
197 22 199 25
197 37 199 39
197 40 199 42
197 44 198 48
197 127 199 130
197 140 199 143
197 182 199 185
197 214 199 217
197 218 199 221
197 238 199 241
198 28 199 33
198 55 199 58
198 69 199 72
198 73 199 78
198 162 199 165
198 172 199 176
197 177 199 180
198 191 199 196
198 203 199 206
199 12 199 21
199 87 199 97
199 98 199 109
